/home/t-chengluo/miniconda3/envs/carbon/lib/python3.7/site-packages/pandas/compat/numpy/__init__.py:10: DeprecationWarning: distutils Version classes are deprecated. Use packaging.version instead.
  _nlv = LooseVersion(_np_version)
/home/t-chengluo/miniconda3/envs/carbon/lib/python3.7/site-packages/setuptools/_distutils/version.py:351: DeprecationWarning: distutils Version classes are deprecated. Use packaging.version instead.
  other = LooseVersion(other)
/home/t-chengluo/miniconda3/envs/carbon/lib/python3.7/site-packages/pandas/compat/numpy/function.py:120: DeprecationWarning: distutils Version classes are deprecated. Use packaging.version instead.
  if LooseVersion(__version__) >= LooseVersion("1.17.0"):
/home/t-chengluo/.local/lib/python3.7/site-packages/tensorflow/python/pywrap_tensorflow_internal.py:15: DeprecationWarning: the imp module is deprecated in favour of importlib; see the module's documentation for alternative uses
  import imp
/home/t-chengluo/.local/lib/python3.7/site-packages/tensorflow/python/util/nest.py:1286: DeprecationWarning: Using or importing the ABCs from 'collections' instead of from 'collections.abc' is deprecated since Python 3.3,and in 3.9 it will stop working
  _pywrap_tensorflow.RegisterType("Mapping", _collections.Mapping)
/home/t-chengluo/.local/lib/python3.7/site-packages/tensorflow/python/framework/dtypes.py:516: FutureWarning: Passing (type, 1) or '1type' as a synonym of type is deprecated; in a future version of numpy, it will be understood as (type, (1,)) / '(1,)type'.
  _np_qint8 = np.dtype([("qint8", np.int8, 1)])
/home/t-chengluo/.local/lib/python3.7/site-packages/tensorflow/python/framework/dtypes.py:517: FutureWarning: Passing (type, 1) or '1type' as a synonym of type is deprecated; in a future version of numpy, it will be understood as (type, (1,)) / '(1,)type'.
  _np_quint8 = np.dtype([("quint8", np.uint8, 1)])
/home/t-chengluo/.local/lib/python3.7/site-packages/tensorflow/python/framework/dtypes.py:518: FutureWarning: Passing (type, 1) or '1type' as a synonym of type is deprecated; in a future version of numpy, it will be understood as (type, (1,)) / '(1,)type'.
  _np_qint16 = np.dtype([("qint16", np.int16, 1)])
/home/t-chengluo/.local/lib/python3.7/site-packages/tensorflow/python/framework/dtypes.py:519: FutureWarning: Passing (type, 1) or '1type' as a synonym of type is deprecated; in a future version of numpy, it will be understood as (type, (1,)) / '(1,)type'.
  _np_quint16 = np.dtype([("quint16", np.uint16, 1)])
/home/t-chengluo/.local/lib/python3.7/site-packages/tensorflow/python/framework/dtypes.py:520: FutureWarning: Passing (type, 1) or '1type' as a synonym of type is deprecated; in a future version of numpy, it will be understood as (type, (1,)) / '(1,)type'.
  _np_qint32 = np.dtype([("qint32", np.int32, 1)])
/home/t-chengluo/.local/lib/python3.7/site-packages/tensorflow/python/framework/dtypes.py:525: FutureWarning: Passing (type, 1) or '1type' as a synonym of type is deprecated; in a future version of numpy, it will be understood as (type, (1,)) / '(1,)type'.
  np_resource = np.dtype([("resource", np.ubyte, 1)])
/home/t-chengluo/.local/lib/python3.7/site-packages/tensorflow/python/framework/dtypes.py:593: DeprecationWarning: `np.object` is a deprecated alias for the builtin `object`. To silence this warning, use `object` by itself. Doing this will not modify any behavior and is safe. 
Deprecated in NumPy 1.20; for more details and guidance: https://numpy.org/devdocs/release/1.20.0-notes.html#deprecations
  np.object,
/home/t-chengluo/.local/lib/python3.7/site-packages/tensorflow/python/framework/dtypes.py:601: DeprecationWarning: `np.bool` is a deprecated alias for the builtin `bool`. To silence this warning, use `bool` by itself. Doing this will not modify any behavior and is safe. If you specifically wanted the numpy scalar type, use `np.bool_` here.
Deprecated in NumPy 1.20; for more details and guidance: https://numpy.org/devdocs/release/1.20.0-notes.html#deprecations
  np.bool,
/home/t-chengluo/.local/lib/python3.7/site-packages/tensorflow/python/framework/tensor_util.py:106: DeprecationWarning: `np.object` is a deprecated alias for the builtin `object`. To silence this warning, use `object` by itself. Doing this will not modify any behavior and is safe. 
Deprecated in NumPy 1.20; for more details and guidance: https://numpy.org/devdocs/release/1.20.0-notes.html#deprecations
  np.object:
/home/t-chengluo/.local/lib/python3.7/site-packages/tensorflow/python/framework/tensor_util.py:108: DeprecationWarning: `np.bool` is a deprecated alias for the builtin `bool`. To silence this warning, use `bool` by itself. Doing this will not modify any behavior and is safe. If you specifically wanted the numpy scalar type, use `np.bool_` here.
Deprecated in NumPy 1.20; for more details and guidance: https://numpy.org/devdocs/release/1.20.0-notes.html#deprecations
  np.bool:
/home/t-chengluo/.local/lib/python3.7/site-packages/tensorflow/python/training/tracking/object_identity.py:61: DeprecationWarning: Using or importing the ABCs from 'collections' instead of from 'collections.abc' is deprecated since Python 3.3,and in 3.9 it will stop working
  class ObjectIdentityDictionary(collections.MutableMapping):
/home/t-chengluo/.local/lib/python3.7/site-packages/tensorflow/python/training/tracking/data_structures.py:374: DeprecationWarning: Using or importing the ABCs from 'collections' instead of from 'collections.abc' is deprecated since Python 3.3,and in 3.9 it will stop working
  class _ListWrapper(List, collections.MutableSequence,
/home/t-chengluo/.local/lib/python3.7/site-packages/tensorboard/compat/tensorflow_stub/dtypes.py:541: FutureWarning: Passing (type, 1) or '1type' as a synonym of type is deprecated; in a future version of numpy, it will be understood as (type, (1,)) / '(1,)type'.
  _np_qint8 = np.dtype([("qint8", np.int8, 1)])
/home/t-chengluo/.local/lib/python3.7/site-packages/tensorboard/compat/tensorflow_stub/dtypes.py:542: FutureWarning: Passing (type, 1) or '1type' as a synonym of type is deprecated; in a future version of numpy, it will be understood as (type, (1,)) / '(1,)type'.
  _np_quint8 = np.dtype([("quint8", np.uint8, 1)])
/home/t-chengluo/.local/lib/python3.7/site-packages/tensorboard/compat/tensorflow_stub/dtypes.py:543: FutureWarning: Passing (type, 1) or '1type' as a synonym of type is deprecated; in a future version of numpy, it will be understood as (type, (1,)) / '(1,)type'.
  _np_qint16 = np.dtype([("qint16", np.int16, 1)])
/home/t-chengluo/.local/lib/python3.7/site-packages/tensorboard/compat/tensorflow_stub/dtypes.py:544: FutureWarning: Passing (type, 1) or '1type' as a synonym of type is deprecated; in a future version of numpy, it will be understood as (type, (1,)) / '(1,)type'.
  _np_quint16 = np.dtype([("quint16", np.uint16, 1)])
/home/t-chengluo/.local/lib/python3.7/site-packages/tensorboard/compat/tensorflow_stub/dtypes.py:545: FutureWarning: Passing (type, 1) or '1type' as a synonym of type is deprecated; in a future version of numpy, it will be understood as (type, (1,)) / '(1,)type'.
  _np_qint32 = np.dtype([("qint32", np.int32, 1)])
/home/t-chengluo/.local/lib/python3.7/site-packages/tensorboard/compat/tensorflow_stub/dtypes.py:550: FutureWarning: Passing (type, 1) or '1type' as a synonym of type is deprecated; in a future version of numpy, it will be understood as (type, (1,)) / '(1,)type'.
  np_resource = np.dtype([("resource", np.ubyte, 1)])
/home/t-chengluo/.local/lib/python3.7/site-packages/tensorboard/compat/tensorflow_stub/dtypes.py:568: DeprecationWarning: `np.object` is a deprecated alias for the builtin `object`. To silence this warning, use `object` by itself. Doing this will not modify any behavior and is safe. 
Deprecated in NumPy 1.20; for more details and guidance: https://numpy.org/devdocs/release/1.20.0-notes.html#deprecations
  (np.object, string),
/home/t-chengluo/.local/lib/python3.7/site-packages/tensorboard/compat/tensorflow_stub/dtypes.py:569: DeprecationWarning: `np.bool` is a deprecated alias for the builtin `bool`. To silence this warning, use `bool` by itself. Doing this will not modify any behavior and is safe. If you specifically wanted the numpy scalar type, use `np.bool_` here.
Deprecated in NumPy 1.20; for more details and guidance: https://numpy.org/devdocs/release/1.20.0-notes.html#deprecations
  (np.bool, bool),
/home/t-chengluo/.local/lib/python3.7/site-packages/tensorboard/util/tensor_util.py:100: DeprecationWarning: `np.object` is a deprecated alias for the builtin `object`. To silence this warning, use `object` by itself. Doing this will not modify any behavior and is safe. 
Deprecated in NumPy 1.20; for more details and guidance: https://numpy.org/devdocs/release/1.20.0-notes.html#deprecations
  np.object: SlowAppendObjectArrayToTensorProto,
/home/t-chengluo/.local/lib/python3.7/site-packages/tensorboard/util/tensor_util.py:101: DeprecationWarning: `np.bool` is a deprecated alias for the builtin `bool`. To silence this warning, use `bool` by itself. Doing this will not modify any behavior and is safe. If you specifically wanted the numpy scalar type, use `np.bool_` here.
Deprecated in NumPy 1.20; for more details and guidance: https://numpy.org/devdocs/release/1.20.0-notes.html#deprecations
  np.bool: SlowAppendBoolArrayToTensorProto,
WARNING:tensorflow:From /home/t-chengluo/.local/lib/python3.7/site-packages/tensorflow/python/compat/v2_compat.py:61: disable_resource_variables (from tensorflow.python.ops.variable_scope) is deprecated and will be removed in a future version.
Instructions for updating:
non-resource variables are not supported in the long term
WARNING:tensorflow:From /home/t-chengluo/ABR-DQN/RL_brain.py:22: The name tf.set_random_seed is deprecated. Please use tf.compat.v1.set_random_seed instead.

/home/t-chengluo/miniconda3/envs/carbon/lib/python3.7/site-packages/gym/utils/passive_env_checker.py:32: UserWarning: [33mWARN: A Box observation space has an unconventional shape (neither an image, nor a 1D vector). We recommend flattening the observation to have only a 1D vector or use a custom policy to properly process the data. Actual observation shape: (6, 8)[0m
  "A Box observation space has an unconventional shape (neither an image, nor a 1D vector). "
/home/t-chengluo/miniconda3/envs/carbon/lib/python3.7/site-packages/gym/core.py:330: DeprecationWarning: [33mWARN: Initializing wrapper in old step API which returns one bool instead of two. It is recommended to set `new_step_api=True` to use new step API. This will be the default behaviour in future.[0m
  "Initializing wrapper in old step API which returns one bool instead of two. It is recommended to set `new_step_api=True` to use new step API. This will be the default behaviour in future."
/home/t-chengluo/miniconda3/envs/carbon/lib/python3.7/site-packages/gym/wrappers/step_api_compatibility.py:40: DeprecationWarning: [33mWARN: Initializing environment in old step API which returns one bool instead of two. It is recommended to set `new_step_api=True` to use new step API. This will be the default behaviour in future.[0m
  "Initializing environment in old step API which returns one bool instead of two. It is recommended to set `new_step_api=True` to use new step API. This will be the default behaviour in future."
WARNING:tensorflow:From /home/t-chengluo/ABR-DQN/RL_brain.py:73: The name tf.placeholder is deprecated. Please use tf.compat.v1.placeholder instead.

WARNING:tensorflow:From /home/t-chengluo/ABR-DQN/RL_brain.py:77: The name tf.variable_scope is deprecated. Please use tf.compat.v1.variable_scope instead.

/home/t-chengluo/.local/lib/python3.7/site-packages/tensorflow/python/framework/tensor_util.py:538: DeprecationWarning: tostring() is deprecated. Use tobytes() instead.
  tensor_proto.tensor_content = nparray.tostring()
WARNING:tensorflow:From /home/t-chengluo/miniconda3/envs/carbon/lib/python3.7/site-packages/tflearn/initializations.py:165: calling TruncatedNormal.__init__ (from tensorflow.python.ops.init_ops) with dtype is deprecated and will be removed in a future version.
Instructions for updating:
Call initializer instance with the dtype argument instead of passing it to the constructor
WARNING:tensorflow:From /home/t-chengluo/miniconda3/envs/carbon/lib/python3.7/site-packages/tflearn/initializations.py:110: calling UniformUnitScaling.__init__ (from tensorflow.python.ops.init_ops) with dtype is deprecated and will be removed in a future version.
Instructions for updating:
Call initializer instance with the dtype argument instead of passing it to the constructor
WARNING:tensorflow:From /home/t-chengluo/.local/lib/python3.7/site-packages/tensorflow/python/util/deprecation.py:507: UniformUnitScaling.__init__ (from tensorflow.python.ops.init_ops) is deprecated and will be removed in a future version.
Instructions for updating:
Use tf.initializers.variance_scaling instead with distribution=uniform to get equivalent behavior.
/home/t-chengluo/.local/lib/python3.7/site-packages/tensorflow/python/ops/nn_ops.py:61: DeprecationWarning: Using or importing the ABCs from 'collections' instead of from 'collections.abc' is deprecated since Python 3.3,and in 3.9 it will stop working
  elif not isinstance(value, collections.Sized):
WARNING:tensorflow:From /home/t-chengluo/ABR-DQN/RL_brain.py:103: The name tf.squared_difference is deprecated. Please use tf.math.squared_difference instead.

WARNING:tensorflow:From /home/t-chengluo/ABR-DQN/RL_brain.py:105: The name tf.train.AdamOptimizer is deprecated. Please use tf.compat.v1.train.AdamOptimizer instead.

/home/t-chengluo/.local/lib/python3.7/site-packages/tensorflow/python/framework/tensor_util.py:538: DeprecationWarning: tostring() is deprecated. Use tobytes() instead.
  tensor_proto.tensor_content = nparray.tostring()
WARNING:tensorflow:From /home/t-chengluo/ABR-DQN/RL_brain.py:60: The name tf.GPUOptions is deprecated. Please use tf.compat.v1.GPUOptions instead.

2022-07-26 08:41:16.308948: I tensorflow/core/platform/cpu_feature_guard.cc:142] Your CPU supports instructions that this TensorFlow binary was not compiled to use: AVX2 AVX512F FMA
2022-07-26 08:41:16.337281: I tensorflow/core/platform/profile_utils/cpu_utils.cc:94] CPU Frequency: 2300000000 Hz
2022-07-26 08:41:16.340238: I tensorflow/compiler/xla/service/service.cc:168] XLA service 0x559b09de2c40 executing computations on platform Host. Devices:
2022-07-26 08:41:16.340283: I tensorflow/compiler/xla/service/service.cc:175]   StreamExecutor device (0): <undefined>, <undefined>
2022-07-26 08:41:16.479680: W tensorflow/compiler/jit/mark_for_compilation_pass.cc:1412] (One-time warning): Not using XLA:CPU for cluster because envvar TF_XLA_FLAGS=--tf_xla_cpu_global_jit was not set.  If you want XLA:CPU, either set that envvar, or use experimental_jit_scope to enable XLA:CPU.  To confirm that XLA is active, pass --vmodule=xla_compilation_cache=1 (as a proper command-line flag, not via TF_XLA_FLAGS) or set the envvar XLA_FLAGS=--xla_hlo_profile.
